<?xml version="1.0" encoding="UTF-8"?>
<!-- Generated by org.testng.reporters.JUnitReportReporter -->
<testsuite hostname="CSR" failures="0" tests="1" name="TestSuite.Travel" time="42.418" errors="0" timestamp="11 May 2022 09:20:01 GMT" skipped="0">
  <testcase classname="TestSuite.Travel" name="testing" time="42.418"/>
</testsuite> <!-- TestSuite.Travel -->
